"C:\Program Files\JetBrains\CLion 2018.2.4\bin\cmake\win\bin\cmake.exe" -DCMAKE_BUILD_TYPE=Debug -G "CodeBlocks - MinGW Makefiles" "C:\Users\Janek\Desktop\STUDIA\#3 semestr\POBI\WYPOŻYCZALNIA\Wypożyczalnia2.0"
-- The C compiler identification is GNU 8.1.0
-- The CXX compiler identification is GNU 8.1.0
-- Check for working C compiler: C:/Program Files (x86)/mingw-w64/i686-8.1.0-posix-dwarf-rt_v6-rev0/mingw32/bin/gcc.exe
-- Check for working C compiler: C:/Program Files (x86)/mingw-w64/i686-8.1.0-posix-dwarf-rt_v6-rev0/mingw32/bin/gcc.exe -- broken
CMake Error at C:/Program Files/JetBrains/CLion 2018.2.4/bin/cmake/win/share/cmake-3.12/Modules/CMakeTestCCompiler.cmake:52 (message):
  The C compiler

    "C:/Program Files (x86)/mingw-w64/i686-8.1.0-posix-dwarf-rt_v6-rev0/mingw32/bin/gcc.exe"

  is not able to compile a simple test program.

  It fails with the following output:

    Change Dir: C:/Users/Janek/Desktop/STUDIA/#3 semestr/POBI/WYPOĹ»YCZALNIA/WypoĹĽyczalnia2.0/cmake-build-debug/CMakeFiles/CMakeTmp
    
    Run Build Command:"C:/PROGRA~2/MINGW-~1/I686-8~1.0-P/mingw32/bin/mingw32-make.exe" "cmTC_a3dde/fast"
    C:/PROGRA~2/MINGW-~1/I686-8~1.0-P/mingw32/bin/mingw32-make.exe -f CMakeFiles\cmTC_a3dde.dir\build.make CMakeFiles/cmTC_a3dde.dir/build
    mingw32-make.exe[1]: Entering directory 'C:/Users/Janek/Desktop/STUDIA/#3 semestr/POBI/WYPOÂ»YCZALNIA/Wypoâ”�yczalnia2.0/cmake-build-debug/CMakeFiles/CMakeTmp'
    Building C object CMakeFiles/cmTC_a3dde.dir/testCCompiler.c.obj
    C:\PROGRA~2\MINGW-~1\I686-8~1.0-P\mingw32\bin\gcc.exe    -o CMakeFiles\cmTC_a3dde.dir\testCCompiler.c.obj   -c "C:\Users\Janek\Desktop\STUDIA\#3 semestr\POBI\WYPOâ”Ľâ•—YCZALNIA\Wypoâ”Ľâ•ťyczalnia2.0\cmake-build-debug\CMakeFiles\CMakeTmp\testCCompiler.c"
    gcc.exe: error: C:\Users\Janek\Desktop\STUDIA\#3 semestr\POBI\WYPOâ”Ľâ•—YCZALNIA\Wypoâ”Ľâ•ťyczalnia2.0\cmake-build-debug\CMakeFiles\CMakeTmp\testCCompiler.c: No such file or directory
    gcc.exe: fatal error: no input files
    compilation terminated.
    mingw32-make.exe[1]: *** [CMakeFiles\cmTC_a3dde.dir\build.make:65: CMakeFiles/cmTC_a3dde.dir/testCCompiler.c.obj] Error 1
    mingw32-make.exe[1]: Leaving directory 'C:/Users/Janek/Desktop/STUDIA/#3 semestr/POBI/WYPOÂ»YCZALNIA/Wypoâ”�yczalnia2.0/cmake-build-debug/CMakeFiles/CMakeTmp'
    mingw32-make.exe: *** [Makefile:120: cmTC_a3dde/fast] Error 2
    

  

  CMake will not be able to correctly generate this project.
Call Stack (most recent call first):
  CMakeLists.txt:18 (project)


-- Configuring incomplete, errors occurred!
See also "C:/Users/Janek/Desktop/STUDIA/#3 semestr/POBI/WYPOĹ»YCZALNIA/WypoĹĽyczalnia2.0/cmake-build-debug/CMakeFiles/CMakeOutput.log".
See also "C:/Users/Janek/Desktop/STUDIA/#3 semestr/POBI/WYPOĹ»YCZALNIA/WypoĹĽyczalnia2.0/cmake-build-debug/CMakeFiles/CMakeError.log".
